0 info it worked if it ends with ok
1 verbose cli [ '/usr/local/bin/node', '/usr/local/bin/npm', 'run', 'dev' ]
2 info using npm@3.3.6
3 info using node@v5.0.0
4 verbose run-script [ 'predev', 'dev', 'postdev' ]
5 info lifecycle garbageplanet-vue-ui@0.0.1~predev: garbageplanet-vue-ui@0.0.1
6 silly lifecycle garbageplanet-vue-ui@0.0.1~predev: no script for predev, continuing
7 info lifecycle garbageplanet-vue-ui@0.0.1~dev: garbageplanet-vue-ui@0.0.1
8 verbose lifecycle garbageplanet-vue-ui@0.0.1~dev: unsafe-perm in lifecycle true
9 verbose lifecycle garbageplanet-vue-ui@0.0.1~dev: PATH: /usr/local/lib/node_modules/npm/bin/node-gyp-bin:/home/adrien/Projects/Garbagepla.net/html5_app/dist-vue/web-ui/node_modules/.bin:/home/adrien/.rbenv/plugins/ruby-build/bin:/home/adrien/.rbenv/shims:/home/adrien/.rbenv/bin:/usr/local/sbin:/usr/local/bin:/usr/sbin:/usr/bin:/sbin:/bin:/usr/games:/usr/local/games:/home/adrien/.rvm/bin:/home/adrien/.rvm/bin
10 verbose lifecycle garbageplanet-vue-ui@0.0.1~dev: CWD: /home/adrien/Projects/Garbagepla.net/html5_app/dist-vue/web-ui
11 silly lifecycle garbageplanet-vue-ui@0.0.1~dev: Args: [ '-c', 'webpack-dev-server --inline --hot --quiet' ]
12 silly lifecycle garbageplanet-vue-ui@0.0.1~dev: Returned: code: 1  signal: null
13 info lifecycle garbageplanet-vue-ui@0.0.1~dev: Failed to exec dev script
14 verbose stack Error: garbageplanet-vue-ui@0.0.1 dev: `webpack-dev-server --inline --hot --quiet`
14 verbose stack Exit status 1
14 verbose stack     at EventEmitter.<anonymous> (/usr/local/lib/node_modules/npm/lib/utils/lifecycle.js:233:16)
14 verbose stack     at emitTwo (events.js:87:13)
14 verbose stack     at EventEmitter.emit (events.js:172:7)
14 verbose stack     at ChildProcess.<anonymous> (/usr/local/lib/node_modules/npm/lib/utils/spawn.js:24:14)
14 verbose stack     at emitTwo (events.js:87:13)
14 verbose stack     at ChildProcess.emit (events.js:172:7)
14 verbose stack     at maybeClose (internal/child_process.js:818:16)
14 verbose stack     at Process.ChildProcess._handle.onexit (internal/child_process.js:211:5)
15 verbose pkgid garbageplanet-vue-ui@0.0.1
16 verbose cwd /home/adrien/Projects/Garbagepla.net/html5_app/dist-vue/web-ui
17 error Linux 3.13.0-71-generic
18 error argv "/usr/local/bin/node" "/usr/local/bin/npm" "run" "dev"
19 error node v5.0.0
20 error npm  v3.3.6
21 error code ELIFECYCLE
22 error garbageplanet-vue-ui@0.0.1 dev: `webpack-dev-server --inline --hot --quiet`
22 error Exit status 1
23 error Failed at the garbageplanet-vue-ui@0.0.1 dev script 'webpack-dev-server --inline --hot --quiet'.
23 error This is most likely a problem with the garbageplanet-vue-ui package,
23 error not with npm itself.
23 error Tell the author that this fails on your system:
23 error     webpack-dev-server --inline --hot --quiet
23 error You can get their info via:
23 error     npm owner ls garbageplanet-vue-ui
23 error There is likely additional logging output above.
24 verbose exit [ 1, true ]
